ISim log file
Running: J:\My Documents\Hardware\Research Project\Tomasulos-FPGA\CPU\registerStatusTable_isim_beh.exe -gui -tclbatch isim.cmd -wdb J:/My Documents/Hardware/Research Project/Tomasulos-FPGA/CPU/registerStatusTable_isim_beh.wdb 
ISim M.81d (signature 0xcb73ee62)
----------------------------------------------------------------------
INFO:Security:50 - The XILINXD_LICENSE_FILE environment variable is set to '2100@licserver'.
INFO:Security:53 - The LM_LICENSE_FILE environment variable is not set.
WARNING:Security:43 - No license file was found in the standard Xilinx license directory.
WARNING:Security:44 - No license file was found.
       Please run the Xilinx License Configuration Manager
       (xlcm or "Manage Xilinx Licenses")
       to assist in obtaining a license.
WARNING:Security:42 - Your software subscription period has lapsed. Your current version of Xilinx tools will continue to function, but you no longer qualify for Xilinx software updates or new releases.


----------------------------------------------------------------------
This is a Full version of ISim.
Time resolution is 1 ps
# onerror resume
# wave add /
# run 1000 ns
Simulator is doing circuit initialization process.
Finished circuit initialization process.
# isim force add /registerstatustable/clock 0 -radix bin -value 1 -radix bin -time 500 ns -repeat 1 us
# isim force add /registerstatustable/address 0011 -radix bin
# isim force add /registerstatustable/rsslotnumber 111 -radix bin
# isim force add /registerstatustable/writedata 1 -radix bin
# isim force add /registerstatustable/validdata 1 -radix bin
# run 1.00us
# isim force add /registerstatustable/writedata 0 -radix bin
# run 1.00us
# isim force add /registerstatustable/invalidate 1 -radix bin
# run 1.00us
# run 1.00us
# isim force add /registerstatustable/writedata 1 -radix bin
# run 1.00us
# run 1.00us
# run 1.00us
# isim force add /registerstatustable/writedata 0 -radix bin
# isim force add /registerstatustable/rsslotnumber 010 -radix bin
# run 1.00us
# isim force add /registerstatustable/writedata 1 -radix bin
# run 1.00us
